{
  "RSpec": {
    "coverage": {
      "/Users/joshglasson/projects/practicals/birthday-greeter/app.rb": [
        1,
        1,
        null,
        1,
        1,
        null,
        1,
        7,
        null,
        null,
        1,
        6,
        6,
        6,
        1,
        null,
        5,
        null,
        null,
        null,
        1,
        1,
        null,
        null,
        1,
        5,
        5,
        5,
        5,
        5,
        5,
        5,
        null,
        null
      ],
      "/Users/joshglasson/projects/practicals/birthday-greeter/lib/birthday.rb": [
        1,
        null,
        1,
        1,
        null,
        1,
        9,
        9,
        9,
        9,
        9,
        9,
        9,
        null,
        9,
        null,
        null,
        null,
        null,
        null,
        null,
        null,
        null,
        null,
        null,
        null,
        null,
        null,
        null,
        null,
        null,
        null,
        null,
        null,
        null,
        null,
        null,
        null,
        null,
        null,
        null,
        null,
        null,
        null,
        null,
        null,
        null,
        9,
        null,
        null,
        null,
        null,
        null,
        null,
        null,
        null,
        null,
        null,
        null,
        null,
        null,
        null,
        1,
        5,
        155,
        5,
        null,
        null,
        5,
        null,
        null,
        1,
        5,
        60,
        5,
        null,
        null,
        5,
        null,
        null,
        1,
        5,
        5,
        null,
        null,
        1,
        5,
        1,
        null,
        null,
        null,
        5,
        null,
        null,
        1,
        5,
        1,
        null,
        4,
        null,
        null,
        null,
        1,
        10,
        null,
        null
      ],
      "/Users/joshglasson/projects/practicals/birthday-greeter/spec/birthday_spec.rb": [
        1,
        null,
        1,
        1,
        1,
        1,
        1,
        null,
        null,
        1,
        1,
        1,
        null,
        null,
        1,
        1,
        1,
        null,
        null,
        null,
        null,
        1,
        2,
        1,
        1,
        1,
        1,
        1,
        null,
        null,
        null
      ],
      "/Users/joshglasson/projects/practicals/birthday-greeter/spec/features/enter_info_spec.rb": [
        1,
        1,
        1,
        1,
        1,
        1,
        1,
        null,
        1,
        1,
        1,
        1,
        1,
        1,
        null,
        1,
        1,
        1,
        1,
        1,
        1,
        null,
        null,
        null,
        1,
        1,
        1,
        1,
        1,
        1,
        1,
        null,
        null,
        1,
        1,
        1,
        1,
        1,
        1,
        null,
        null,
        1,
        1,
        1,
        1,
        1,
        1,
        null,
        null,
        null,
        null
      ],
      "/Users/joshglasson/projects/practicals/birthday-greeter/spec/features/testing_infrastructure_spec.rb": [
        1,
        1,
        1,
        1,
        null,
        null
      ]
    },
    "timestamp": 1554389533
  }
}
