{
  "RSpec": {
    "coverage": {
      "/Users/joshglasson/projects/practicals/Week3/birthday_greeter/app.rb": [
        1,
        1,
        1,
        null,
        1,
        1,
        null,
        1,
        4,
        null,
        null,
        1,
        3,
        3,
        3,
        3,
        3,
        null,
        null,
        1,
        3,
        3,
        3,
        3,
        3,
        null,
        null
      ],
      "/Users/joshglasson/projects/practicals/Week3/birthday_greeter/lib/day.rb": [
        1,
        1,
        4,
        null,
        4,
        null,
        null,
        null,
        null,
        null,
        null,
        null,
        null,
        null,
        null,
        null,
        null,
        null,
        null,
        null,
        null,
        null,
        null,
        null,
        null,
        null,
        null,
        null,
        null,
        null,
        null,
        null,
        null,
        null,
        null,
        null,
        null,
        null,
        1,
        4,
        124,
        4,
        null,
        null,
        4,
        null,
        null
      ],
      "/Users/joshglasson/projects/practicals/Week3/birthday_greeter/lib/birthday.rb": [
        1,
        null,
        1,
        1,
        null,
        1,
        5,
        5,
        5,
        null,
        5,
        null,
        null,
        null,
        null,
        null,
        null,
        null,
        null,
        null,
        null,
        null,
        null,
        5,
        null,
        null,
        null,
        null,
        1,
        3,
        3,
        null,
        null,
        1,
        6,
        28,
        6,
        null,
        null,
        null,
        null,
        1,
        3,
        0,
        null,
        null,
        null,
        3,
        null,
        null
      ],
      "/Users/joshglasson/projects/practicals/Week3/birthday_greeter/spec/birthday_spec.rb": [
        1,
        null,
        1,
        1,
        1,
        1,
        1,
        null,
        null,
        1,
        1,
        1,
        null,
        null,
        null,
        1,
        2,
        1,
        1,
        1,
        1,
        1,
        null,
        null,
        null
      ],
      "/Users/joshglasson/projects/practicals/Week3/birthday_greeter/spec/day_spec.rb": [
        1,
        null,
        1,
        1,
        1,
        1,
        1,
        null,
        null,
        null
      ],
      "/Users/joshglasson/projects/practicals/Week3/birthday_greeter/spec/features/enter_info_spec.rb": [
        1,
        1,
        1,
        1,
        1,
        1,
        1,
        1,
        null,
        null,
        null,
        1,
        1,
        1,
        1,
        1,
        1,
        1,
        1,
        null,
        null,
        1,
        1,
        1,
        1,
        1,
        1,
        1,
        null,
        null,
        null
      ],
      "/Users/joshglasson/projects/practicals/Week3/birthday_greeter/spec/features/testing_infrastructure_spec.rb": [
        1,
        1,
        1,
        1,
        null,
        null
      ]
    },
    "timestamp": 1554294409
  }
}
